<?xml version="1.0" encoding="UTF-8"?>
<!-- Generated by org.testng.reporters.JUnitReportReporter -->
<testsuite hostname="DESKTOP-IE0H25K" failures="0" tests="1" name="tests.LoginPage" time="2.050" errors="0" timestamp="2024-08-04T13:06:45 IST" skipped="0">
  <testcase classname="tests.LoginPage" name="goTo" time="2.050"/>
  <system-out/>
</testsuite> <!-- tests.LoginPage -->
