<?xml version="1.0" encoding="UTF-8"?>
<!-- Generated by org.testng.reporters.JUnitReportReporter -->
<testsuite hostname="DESKTOP-IE0H25K" failures="0" tests="1" name="base.Base$myBaseClass" time="3.374" errors="0" timestamp="2024-07-31T12:59:14 IST" skipped="0">
  <testcase classname="base.Base$myBaseClass" name="goTo" time="3.374"/>
  <system-out/>
</testsuite> <!-- base.Base$myBaseClass -->
